0 info it worked if it ends with ok
1 verbose cli [ 'C:\\Program Files\\nodejs\\node.exe',
1 verbose cli   'C:\\Program Files\\nodejs\\node_modules\\npm\\bin\\npm-cli.js',
1 verbose cli   'run',
1 verbose cli   'bot' ]
2 info using npm@4.1.2
3 info using node@v7.7.1
4 verbose run-script [ 'prebot', 'bot', 'postbot' ]
5 info lifecycle discord-bot@1.0.0~prebot: discord-bot@1.0.0
6 silly lifecycle discord-bot@1.0.0~prebot: no script for prebot, continuing
7 info lifecycle discord-bot@1.0.0~bot: discord-bot@1.0.0
8 verbose lifecycle discord-bot@1.0.0~bot: unsafe-perm in lifecycle true
9 verbose lifecycle discord-bot@1.0.0~bot: PATH: C:\Program Files\nodejs\node_modules\npm\bin\node-gyp-bin;C:\gitrepos\nodejs\04-nodejs-discordBot\node_modules\.bin;C:\ProgramData\Oracle\Java\javapath;C:\Windows\system32;C:\Windows;C:\Windows\System32\Wbem;C:\Windows\System32\WindowsPowerShell\v1.0\;C:\Program Files\Intel\WiFi\bin\;C:\Program Files\Common Files\Intel\WirelessCommon\;C:\Program Files\Git\cmd;C:\Program Files (x86)\MySQL\MySQL Fabric 1.5 & MySQL Utilities 1.5\;C:\Program Files (x86)\MySQL\MySQL Fabric 1.5 & MySQL Utilities 1.5\Doctrine extensions for PHP\;C:\Program Files (x86)\gdipp\;C:\sqlite;C:\Program Files\nodejs\;C:\ffmpeg\bin\;C:\Program Files (x86)\Windows Kits\8.1\Windows Performance Toolkit\;C:\Program Files\Intel\WiFi\bin\;C:\Program Files\Common Files\Intel\WirelessCommon\;C:\Program Files (x86)\Google\google_appengine\;C:\Users\Thomas X\AppData\Roaming\npm
10 verbose lifecycle discord-bot@1.0.0~bot: CWD: C:\gitrepos\nodejs\04-nodejs-discordBot
11 silly lifecycle discord-bot@1.0.0~bot: Args: [ '/d /s /c', 'node ./lib/index.js' ]
12 verbose stack Error: kill ENOSYS
12 verbose stack     at exports._errnoException (util.js:1029:11)
12 verbose stack     at process.kill (internal/process.js:188:13)
12 verbose stack     at process.listener (C:\Program Files\nodejs\node_modules\npm\node_modules\npmlog\node_modules\gauge\node_modules\signal-exit\index.js:95:15)
12 verbose stack     at emitNone (events.js:86:13)
12 verbose stack     at process.emit (events.js:188:7)
12 verbose stack     at processEmit (C:\Program Files\nodejs\node_modules\npm\node_modules\npmlog\node_modules\gauge\node_modules\signal-exit\index.js:155:32)
12 verbose stack     at Signal.wrap.onsignal (internal/process.js:215:44)
13 verbose cwd C:\gitrepos\nodejs\04-nodejs-discordBot
14 error Windows_NT 6.1.7601
15 error argv "C:\\Program Files\\nodejs\\node.exe" "C:\\Program Files\\nodejs\\node_modules\\npm\\bin\\npm-cli.js" "run" "bot"
16 error node v7.7.1
17 error npm  v4.1.2
18 error code ENOSYS
19 error errno ENOSYS
20 error syscall kill
21 error kill ENOSYS
22 error If you need help, you may report this error at:
22 error     <https://github.com/npm/npm/issues>
23 verbose exit [ 1, true ]
